2025-05-01 22:22:56 - root - ERROR - Failed to start bot from bots\bot-sniper-2-logs.yaml: name 'LogsEventProcessor' is not defined
Traceback (most recent call last):
  File "C:\Users\SkiaffaTV\Progetti\pump-fun-bot\src\bot_runner.py", line 144, in run_all_bots
    asyncio.run(start_bot(str(file)))
    ~~~~~~~~~~~^^^^^^^^^^^^^^^^^^^^^^
  File "C:\Users\SkiaffaTV\AppData\Local\Programs\Python\Python313\Lib\asyncio\runners.py", line 195, in run
    return runner.run(main)
           ~~~~~~~~~~^^^^^^
  File "C:\Users\SkiaffaTV\AppData\Local\Programs\Python\Python313\Lib\asyncio\runners.py", line 118, in run
    return self._loop.run_until_complete(task)
           ~~~~~~~~~~~~~~~~~~~~~~~~~~~~~^^^^^^
  File "C:\Users\SkiaffaTV\AppData\Local\Programs\Python\Python313\Lib\asyncio\base_events.py", line 725, in run_until_complete
    return future.result()
           ~~~~~~~~~~~~~^^
  File "C:\Users\SkiaffaTV\Progetti\pump-fun-bot\src\bot_runner.py", line 44, in start_bot
    trader = PumpTrader(
        # Connection settings
    ...<51 lines>...
        max_monitor_time=cfg["trade"].get("max_monitor_time", 300),
    )
  File "C:\Users\SkiaffaTV\Progetti\pump-fun-bot\src\trading\trader.py", line 130, in __init__
    self.token_listener = LogsListener(wss_endpoint, PumpAddresses.PROGRAM)
                          ~~~~~~~~~~~~^^^^^^^^^^^^^^^^^^^^^^^^^^^^^^^^^^^^^
  File "C:\Users\SkiaffaTV\Progetti\pump-fun-bot\src\monitoring\logs_listener.py", line 31, in __init__
    self.event_processor = LogsEventProcessor(pump_program)
                           ^^^^^^^^^^^^^^^^^^
NameError: name 'LogsEventProcessor' is not defined
