2025-05-03 00:32:19 - trading.trader - INFO - Using logsSubscribe listener for token monitoring
2025-05-03 00:32:19 - trading.trader - INFO - Starting pump.fun trader
2025-05-03 00:32:19 - trading.trader - INFO - Match filter: None
2025-05-03 00:32:19 - trading.trader - INFO - Creator filter: None
2025-05-03 00:32:19 - trading.trader - INFO - Marry mode: False
2025-05-03 00:32:19 - trading.trader - INFO - YOLO mode: True
2025-05-03 00:32:19 - trading.trader - INFO - Max token age: 1.0 seconds
2025-05-03 00:32:19 - trading.trader - INFO - Take profit enabled: True
2025-05-03 00:32:19 - trading.trader - INFO - Fixed time sell enabled: True
2025-05-03 00:32:19 - trading.trader - INFO - Take profit percentage: 50.0%
2025-05-03 00:32:19 - trading.trader - INFO - Stop loss percentage: 15.0%
2025-05-03 00:32:19 - trading.trader - INFO - Max monitor time: 300 seconds
2025-05-03 00:32:19 - trading.trader - INFO - RPC warm-up successful (getHealth passed: ok)
2025-05-03 00:32:19 - trading.trader - INFO - Running in continuous mode - will process tokens until interrupted
2025-05-03 00:32:20 - monitoring.logs_listener - INFO - Subscribed to logs mentioning program: 6EF8rrecthR5Dkzon8Nwu78hRvfCKubJ14M5uBEwF6P
2025-05-03 00:32:20 - monitoring.logs_listener - INFO - Subscription confirmed with ID: 12723
2025-05-03 01:11:17 - monitoring.logs_listener - WARNING - WebSocket connection closed
2025-05-03 01:11:17 - monitoring.logs_listener - WARNING - WebSocket connection closed. Reconnecting...
2025-05-03 01:11:17 - monitoring.logs_listener - INFO - Ping loop cancelled
2025-05-03 01:11:18 - monitoring.logs_listener - INFO - Subscribed to logs mentioning program: 6EF8rrecthR5Dkzon8Nwu78hRvfCKubJ14M5uBEwF6P
2025-05-03 01:11:18 - monitoring.logs_listener - INFO - Subscription confirmed with ID: 13419
2025-05-03 01:21:22 - monitoring.logs_listener - INFO - New token detected: tet (tet)
2025-05-03 01:21:22 - trading.trader - INFO - Queued new token: tet (73aVdTvjx9pwS3y9di2w7aR3hJxTGGq5LCpG9Ef574wV)
2025-05-03 01:21:22 - trading.trader - INFO - Processing fresh token: tet (age: 0.0s)
2025-05-03 01:21:22 - trading.trader - INFO - Waiting for 15 seconds for the bonding curve to stabilize...
2025-05-03 01:21:37 - trading.trader - INFO - Buying 0.001000 SOL worth of tet...
2025-05-03 01:21:37 - core.curve - ERROR - Failed to get curve state: Account GPknppCNATC3VkXaE6ruZYN6VpZ5U4NH4MZMZgznAR1P not found
2025-05-03 01:21:37 - trading.buyer - ERROR - Buy operation failed: Invalid curve state: Account GPknppCNATC3VkXaE6ruZYN6VpZ5U4NH4MZMZgznAR1P not found
2025-05-03 01:21:37 - trading.trader - ERROR - Failed to buy tet: Invalid curve state: Account GPknppCNATC3VkXaE6ruZYN6VpZ5U4NH4MZMZgznAR1P not found
2025-05-03 01:21:37 - trading.trader - INFO - YOLO mode enabled. Waiting 15 seconds before looking for next token...
2025-05-03 01:51:48 - monitoring.logs_listener - INFO - WebSocket listener cancelled
2025-05-03 01:51:49 - trading.trader - INFO - Token queue processor was cancelled
2025-05-03 01:51:49 - trading.trader - INFO - No traded tokens to clean up
2025-05-03 01:51:54 - trading.trader - INFO - Pump trader has shut down
2025-05-03 01:51:54 - monitoring.logs_listener - INFO - Ping loop cancelled
