2025-05-04 10:42:07 - trading.trader - INFO - Using logsSubscribe listener for token monitoring
2025-05-04 10:42:07 - trading.trader - INFO - Starting pump.fun trader
2025-05-04 10:42:07 - trading.trader - INFO - Match filter: None
2025-05-04 10:42:07 - trading.trader - INFO - Creator filter: None
2025-05-04 10:42:07 - trading.trader - INFO - Marry mode: False
2025-05-04 10:42:07 - trading.trader - INFO - YOLO mode: True
2025-05-04 10:42:07 - trading.trader - INFO - Max token age: 1.0 seconds
2025-05-04 10:42:07 - trading.trader - INFO - Take profit enabled: True
2025-05-04 10:42:07 - trading.trader - INFO - Fixed time sell enabled: True
2025-05-04 10:42:07 - trading.trader - INFO - Take profit percentage: 50.0%
2025-05-04 10:42:07 - trading.trader - INFO - Stop loss percentage: 15.0%
2025-05-04 10:42:07 - trading.trader - INFO - Max monitor time: 300 seconds
2025-05-04 10:42:07 - trading.trader - INFO - RPC warm-up successful (getHealth passed: ok)
2025-05-04 10:42:07 - trading.trader - INFO - Running in continuous mode - will process tokens until interrupted
2025-05-04 10:42:08 - monitoring.logs_listener - INFO - Subscribed to logs mentioning program: 6EF8rrecthR5Dkzon8Nwu78hRvfCKubJ14M5uBEwF6P
2025-05-04 10:42:08 - monitoring.logs_listener - INFO - Subscription confirmed with ID: 15407
2025-05-04 10:57:56 - monitoring.logs_listener - INFO - New token detected: Dickbutt (Dickbutt)
2025-05-04 10:57:56 - trading.trader - INFO - Queued new token: Dickbutt (GGDkh6wGeFCgU3snB21TojcFR1wppGbteTnjV6ABsn2R)
2025-05-04 10:57:56 - trading.trader - INFO - Processing fresh token: Dickbutt (age: 0.0s)
2025-05-04 10:57:56 - trading.trader - INFO - Waiting for 15 seconds for the bonding curve to stabilize...
2025-05-04 10:58:11 - trading.trader - INFO - Buying 0.001000 SOL worth of Dickbutt...
2025-05-04 10:58:12 - core.client - INFO - Priority fee in microlamports: 500000
2025-05-04 10:58:12 - trading.buyer - INFO - Buying 35357.018802 tokens at 0.00000003 SOL per token
2025-05-04 10:58:12 - trading.buyer - INFO - Total cost: 0.001000 SOL (max: 0.001150 SOL)
2025-05-04 10:58:13 - trading.buyer - INFO - Buy transaction confirmed: 3ywHgKUorFSNcLF58fanKXWjuihAiYPgWZ4uK9yDEGM734YzFkaU3iDdHoguNeDMwoH5CP7sZQyvjiU91E1wzH25
2025-05-04 10:58:13 - trading.trader - INFO - Successfully bought Dickbutt
2025-05-04 10:58:13 - trading.trader - INFO - Monitoring price for Dickbutt (Take Profit: 50.0%, Stop Loss: 15.0%)
2025-05-04 10:59:00 - trading.trader - INFO - Fixed time sell triggered for Dickbutt after 45 seconds
2025-05-04 10:59:00 - trading.trader - INFO - Selling Dickbutt...
2025-05-04 10:59:00 - trading.seller - INFO - Waiting 5 seconds for RPC node to synchronize ATA...
2025-05-04 10:59:05 - trading.seller - ERROR - Sell operation failed: Account ALLTheoHECMip2zxmKS1gehhbNF7MXVaZsSf6XCwuiui not found
2025-05-04 10:59:05 - trading.trader - ERROR - Failed to sell Dickbutt: Account ALLTheoHECMip2zxmKS1gehhbNF7MXVaZsSf6XCwuiui not found
2025-05-04 10:59:05 - trading.trader - INFO - YOLO mode enabled. Waiting 15 seconds before looking for next token...
2025-05-04 11:05:45 - monitoring.logs_listener - INFO - WebSocket listener cancelled
2025-05-04 11:05:45 - trading.trader - INFO - Token queue processor was cancelled
2025-05-04 11:05:45 - trading.trader - INFO - Cleaning up 1 traded token(s)...
2025-05-04 11:05:45 - cleanup.modes - INFO - [Cleanup] Triggered post trading session.
2025-05-04 11:05:45 - cleanup.manager - INFO - Waiting for 5 seconds for RPC node to synchronize...
2025-05-04 11:05:51 - cleanup.manager - INFO - ATA ALLTheoHECMip2zxmKS1gehhbNF7MXVaZsSf6XCwuiui does not exist or already closed.
2025-05-04 11:05:51 - trading.trader - INFO - Pump trader has shut down
