2025-05-02 20:53:37 - trading.trader - INFO - Using logsSubscribe listener for token monitoring
2025-05-02 20:53:37 - trading.trader - INFO - Starting pump.fun trader
2025-05-02 20:53:37 - trading.trader - INFO - Match filter: None
2025-05-02 20:53:37 - trading.trader - INFO - Creator filter: None
2025-05-02 20:53:37 - trading.trader - INFO - Marry mode: False
2025-05-02 20:53:37 - trading.trader - INFO - YOLO mode: True
2025-05-02 20:53:37 - trading.trader - INFO - Max token age: 1.0 seconds
2025-05-02 20:53:37 - trading.trader - INFO - Take profit enabled: True
2025-05-02 20:53:37 - trading.trader - INFO - Fixed time sell enabled: True
2025-05-02 20:53:37 - trading.trader - INFO - Take profit percentage: 50.0%
2025-05-02 20:53:37 - trading.trader - INFO - Stop loss percentage: 15.0%
2025-05-02 20:53:37 - trading.trader - INFO - Max monitor time: 300 seconds
2025-05-02 20:53:38 - trading.trader - INFO - RPC warm-up successful (getHealth passed: ok)
2025-05-02 20:53:38 - trading.trader - INFO - Running in continuous mode - will process tokens until interrupted
2025-05-02 20:53:38 - monitoring.logs_listener - INFO - Subscribed to logs mentioning program: 6EF8rrecthR5Dkzon8Nwu78hRvfCKubJ14M5uBEwF6P
2025-05-02 20:53:38 - monitoring.logs_listener - INFO - Subscription confirmed with ID: 11586
2025-05-02 21:02:49 - monitoring.logs_listener - INFO - WebSocket listener cancelled
2025-05-02 21:03:05 - monitoring.logs_listener - INFO - Ping loop cancelled
2025-05-02 21:03:05 - trading.trader - INFO - Token queue processor was cancelled
2025-05-02 21:03:05 - monitoring.logs_listener - INFO - WebSocket listener cancelled
2025-05-02 21:03:07 - monitoring.logs_listener - INFO - New token detected: A (B)
2025-05-02 21:03:07 - trading.trader - INFO - Queued new token: B (HT4TuSzk81n1Kxrc7ri1wkZcDE39Vr3rxTf8fSunEnWG)
2025-05-02 21:03:29 - monitoring.logs_listener - ERROR - Error processing WebSocket message: Event loop is closed
2025-05-02 21:03:29 - monitoring.logs_listener - ERROR - WebSocket connection error: Event loop is closed
2025-05-02 21:03:29 - monitoring.logs_listener - INFO - Reconnecting in 5 seconds...
2025-05-02 21:03:29 - trading.trader - ERROR - Token listening stopped due to error: no running event loop
2025-05-02 21:03:29 - trading.trader - ERROR - Trading stopped due to error: task_done() called too many times
2025-05-02 21:03:29 - trading.trader - INFO - No traded tokens to clean up
2025-05-02 21:03:29 - root - ERROR - Bot stopped due to error: unknown async library, or not in async context
2025-05-02 21:03:29 - trading.trader - INFO - No traded tokens to clean up
2025-05-02 21:03:29 - asyncio - ERROR - Task was destroyed but it is pending!
task: <Task cancelling name='Task-1' coro=<start_bot() done, defined at C:\Users\SkiaffaTV\Progetti\pump-fun-bot\src\bot_runner.py:33> wait_for=<Future cancelled> cb=[gather.<locals>._done_callback() at C:\Users\SkiaffaTV\AppData\Local\Programs\Python\Python313\Lib\asyncio\tasks.py:820]>
