2025-05-01 22:29:31 - trading.trader - INFO - Using logsSubscribe listener for token monitoring
2025-05-01 22:29:31 - trading.trader - INFO - Starting pump.fun trader
2025-05-01 22:29:31 - trading.trader - INFO - Match filter: MEME
2025-05-01 22:29:31 - trading.trader - INFO - Creator filter: None
2025-05-01 22:29:31 - trading.trader - INFO - Marry mode: False
2025-05-01 22:29:31 - trading.trader - INFO - YOLO mode: True
2025-05-01 22:29:31 - trading.trader - INFO - Max token age: 0.001 seconds
2025-05-01 22:29:31 - trading.trader - INFO - Take profit enabled: True
2025-05-01 22:29:31 - trading.trader - INFO - Fixed time sell enabled: True
2025-05-01 22:29:31 - trading.trader - INFO - Take profit percentage: 30.0%
2025-05-01 22:29:31 - trading.trader - INFO - Stop loss percentage: 15.0%
2025-05-01 22:29:31 - trading.trader - INFO - Max monitor time: 600 seconds
2025-05-01 22:29:32 - trading.trader - INFO - RPC warm-up successful (getHealth passed: ok)
2025-05-01 22:29:32 - trading.trader - INFO - Running in continuous mode - will process tokens until interrupted
2025-05-01 22:29:32 - monitoring.logs_listener - INFO - Subscribed to logs mentioning program: 6EF8rrecthR5Dkzon8Nwu78hRvfCKubJ14M5uBEwF6P
2025-05-01 22:29:32 - monitoring.logs_listener - INFO - Subscription confirmed with ID: 1289150
2025-05-01 22:29:34 - monitoring.logs_listener - INFO - New token detected: 26 (5426)
2025-05-01 22:29:34 - monitoring.logs_listener - INFO - Token does not match filter 'MEME'. Skipping...
2025-05-01 22:29:34 - monitoring.logs_listener - INFO - New token detected: You will make it soon (soon)
2025-05-01 22:29:34 - monitoring.logs_listener - INFO - Token does not match filter 'MEME'. Skipping...
2025-05-01 22:29:35 - monitoring.logs_event_processor - INFO - Skipping non-Create instruction with discriminator: 17177263679997991869
2025-05-01 22:29:36 - monitoring.logs_listener - INFO - New token detected: The Pump Boss (ALON)
2025-05-01 22:29:36 - monitoring.logs_listener - INFO - Token does not match filter 'MEME'. Skipping...
2025-05-01 22:29:39 - monitoring.logs_listener - INFO - New token detected: BRETT (BRETT)
2025-05-01 22:29:39 - monitoring.logs_listener - INFO - Token does not match filter 'MEME'. Skipping...
2025-05-01 22:29:43 - monitoring.logs_listener - INFO - New token detected: Tek dot fund  (TED)
2025-05-01 22:29:43 - monitoring.logs_listener - INFO - Token does not match filter 'MEME'. Skipping...
2025-05-01 22:29:43 - monitoring.logs_listener - INFO - New token detected: PATIENTCOIN (PATIENT)
2025-05-01 22:29:43 - monitoring.logs_listener - INFO - Token does not match filter 'MEME'. Skipping...
2025-05-01 22:29:43 - monitoring.logs_listener - INFO - New token detected: pump cycle ( real )  (P/C)
2025-05-01 22:29:43 - monitoring.logs_listener - INFO - Token does not match filter 'MEME'. Skipping...
2025-05-01 22:29:45 - monitoring.logs_listener - INFO - New token detected: Feather Fight Club (KO)
2025-05-01 22:29:45 - monitoring.logs_listener - INFO - Token does not match filter 'MEME'. Skipping...
2025-05-01 22:29:45 - monitoring.logs_listener - INFO - New token detected: boopification (boopify)
2025-05-01 22:29:45 - monitoring.logs_listener - INFO - Token does not match filter 'MEME'. Skipping...
2025-05-01 22:29:46 - monitoring.logs_listener - INFO - New token detected: Fuck it, Pigeon360 (pigeon360)
2025-05-01 22:29:46 - monitoring.logs_listener - INFO - Token does not match filter 'MEME'. Skipping...
2025-05-01 22:29:46 - monitoring.logs_event_processor - INFO - Skipping non-Create instruction with discriminator: 17177263679997991869
2025-05-01 22:29:46 - monitoring.logs_event_processor - INFO - Skipping non-Create instruction with discriminator: 17177263679997991869
2025-05-01 22:29:47 - monitoring.logs_listener - INFO - New token detected: AidenLabs (ADL)
2025-05-01 22:29:47 - monitoring.logs_listener - INFO - Token does not match filter 'MEME'. Skipping...
2025-05-01 22:29:47 - monitoring.logs_listener - INFO - New token detected: New XAI gorkestein (gorkestein)
2025-05-01 22:29:47 - monitoring.logs_listener - INFO - Token does not match filter 'MEME'. Skipping...
2025-05-01 22:29:48 - monitoring.logs_listener - INFO - New token detected: FROGGERNAUT (FROGGO)
2025-05-01 22:29:48 - monitoring.logs_listener - INFO - Token does not match filter 'MEME'. Skipping...
2025-05-01 22:29:50 - monitoring.logs_event_processor - INFO - Skipping non-Create instruction with discriminator: 17177263679997991869
2025-05-01 22:29:51 - monitoring.logs_event_processor - INFO - Skipping non-Create instruction with discriminator: 17177263679997991869
2025-05-01 22:29:58 - monitoring.logs_listener - INFO - New token detected: Holoworld AI (HLA)
2025-05-01 22:29:58 - monitoring.logs_listener - INFO - Token does not match filter 'MEME'. Skipping...
2025-05-01 22:30:02 - monitoring.logs_event_processor - INFO - Skipping non-Create instruction with discriminator: 17177263679997991869
2025-05-01 22:30:03 - monitoring.logs_listener - INFO - New token detected: fault (fault)
2025-05-01 22:30:03 - monitoring.logs_listener - INFO - Token does not match filter 'MEME'. Skipping...
2025-05-01 22:30:04 - monitoring.logs_listener - INFO - New token detected: WORLD RECORD MEMECOIN (MEN)
2025-05-01 22:30:04 - trading.trader - INFO - Queued new token: MEN (HCiYBbQUtXpQMcN8HByhko9WKG57UeVt9L1zAJYfpump)
2025-05-01 22:30:04 - trading.trader - INFO - Processing fresh token: MEN (age: 0.0s)
2025-05-01 22:30:04 - trading.trader - INFO - Waiting for 15 seconds for the bonding curve to stabilize...
2025-05-01 22:30:04 - monitoring.logs_listener - INFO - New token detected: dads (dads)
2025-05-01 22:30:04 - monitoring.logs_listener - INFO - Token does not match filter 'MEME'. Skipping...
2025-05-01 22:30:05 - monitoring.logs_listener - INFO - New token detected: WORLD RECORD MEMECOIN (MEN)
2025-05-01 22:30:05 - trading.trader - INFO - Queued new token: MEN (NBwmKYLRLDSTJ73QVD7r4Lqz9R6qDxA47PntVjxpump)
2025-05-01 22:30:05 - monitoring.logs_listener - INFO - New token detected: Justice for Angel Moms (ANGEL)
2025-05-01 22:30:05 - monitoring.logs_listener - INFO - Token does not match filter 'MEME'. Skipping...
2025-05-01 22:30:05 - monitoring.logs_listener - INFO - New token detected: Justice for Angel Moms (ANGELMOMS)
2025-05-01 22:30:05 - monitoring.logs_listener - INFO - Token does not match filter 'MEME'. Skipping...
2025-05-01 22:30:06 - monitoring.logs_listener - INFO - New token detected: Its Probably Nothing (     )
2025-05-01 22:30:06 - monitoring.logs_listener - INFO - Token does not match filter 'MEME'. Skipping...
2025-05-01 22:30:06 - monitoring.logs_listener - INFO - New token detected: Angel Moms White House (ANGEL)
2025-05-01 22:30:06 - monitoring.logs_listener - INFO - Token does not match filter 'MEME'. Skipping...
2025-05-01 22:30:07 - monitoring.logs_event_processor - INFO - Skipping non-Create instruction with discriminator: 17177263679997991869
2025-05-01 22:30:07 - monitoring.logs_event_processor - INFO - Skipping non-Create instruction with discriminator: 17177263679997991869
2025-05-01 22:30:08 - monitoring.logs_listener - INFO - New token detected: WORLD RECORD MEMECOIN (MEN)
2025-05-01 22:30:08 - trading.trader - INFO - Queued new token: MEN (3AzEXxs6HKtyMnm2XiWQs5YzimerTzCvAaHufMoxpump)
2025-05-01 22:30:13 - monitoring.logs_listener - INFO - New token detected: Sexy Oiled Lana (SOL)
2025-05-01 22:30:13 - monitoring.logs_listener - INFO - Token does not match filter 'MEME'. Skipping...
2025-05-01 22:30:14 - monitoring.logs_listener - INFO - New token detected: Gigachad fun  (CHADFUN)
2025-05-01 22:30:14 - monitoring.logs_listener - INFO - Token does not match filter 'MEME'. Skipping...
2025-05-01 22:30:14 - monitoring.logs_listener - INFO - New token detected: gorkification.xyz (GORKIFY)
2025-05-01 22:30:14 - monitoring.logs_listener - INFO - Token does not match filter 'MEME'. Skipping...
2025-05-01 22:30:16 - monitoring.logs_listener - INFO - New token detected: Han Solana (HSOL)
2025-05-01 22:30:16 - monitoring.logs_listener - INFO - Token does not match filter 'MEME'. Skipping...
2025-05-01 22:30:16 - monitoring.logs_listener - INFO - New token detected: TEST (TEST)
2025-05-01 22:30:16 - monitoring.logs_listener - INFO - Token does not match filter 'MEME'. Skipping...
2025-05-01 22:30:16 - monitoring.logs_listener - INFO - New token detected: boopification (boopify)
2025-05-01 22:30:16 - monitoring.logs_listener - INFO - Token does not match filter 'MEME'. Skipping...
2025-05-01 22:30:17 - monitoring.logs_listener - INFO - New token detected: ANGEL MOMS (AM)
2025-05-01 22:30:17 - monitoring.logs_listener - INFO - Token does not match filter 'MEME'. Skipping...
2025-05-01 22:30:17 - monitoring.logs_listener - INFO - New token detected: Pubic Defender (PDF)
2025-05-01 22:30:17 - monitoring.logs_listener - INFO - Token does not match filter 'MEME'. Skipping...
2025-05-01 22:30:19 - trading.trader - INFO - Buying 0.001000 SOL worth of MEN...
2025-05-01 22:30:19 - core.client - INFO - Priority fee in microlamports: 200000
2025-05-01 22:30:19 - trading.buyer - INFO - Buying 22127.910731 tokens at 0.00000005 SOL per token
2025-05-01 22:30:19 - trading.buyer - INFO - Total cost: 0.001000 SOL (max: 0.001150 SOL)
2025-05-01 22:30:21 - trading.buyer - INFO - Buy transaction confirmed: 3N81XNva16ojK4TUTZeVsk3qiLAsJ3YexA2fkufPUukiEVyNb1GHVeW85jKxGC4DuQ4wcDzMsuYjZeFgy9hWQ2C2
2025-05-01 22:30:21 - trading.trader - INFO - Successfully bought MEN
2025-05-01 22:30:21 - trading.trader - INFO - Monitoring price for MEN (Take Profit: 30.0%, Stop Loss: 15.0%)
2025-05-01 22:30:22 - monitoring.logs_listener - INFO - New token detected: Synapse Project (SYNAPSE)
2025-05-01 22:30:22 - monitoring.logs_listener - INFO - Token does not match filter 'MEME'. Skipping...
2025-05-01 22:30:22 - monitoring.logs_listener - INFO - New token detected: ETH (ETH)
2025-05-01 22:30:22 - monitoring.logs_listener - INFO - Token does not match filter 'MEME'. Skipping...
2025-05-01 22:30:26 - monitoring.logs_listener - INFO - New token detected: New SkinCare Routine (Sperm)
2025-05-01 22:30:26 - monitoring.logs_listener - INFO - Token does not match filter 'MEME'. Skipping...
2025-05-01 22:30:34 - monitoring.logs_listener - INFO - New token detected: NEW ORANGIE TICKER (BRETT)
2025-05-01 22:30:34 - monitoring.logs_listener - INFO - Token does not match filter 'MEME'. Skipping...
2025-05-01 22:30:35 - monitoring.logs_listener - INFO - New token detected: Chill Guy Token (CHILLTOKEN)
2025-05-01 22:30:35 - monitoring.logs_listener - INFO - Token does not match filter 'MEME'. Skipping...
2025-05-01 22:30:42 - monitoring.logs_listener - INFO - New token detected: FORTNITE (FORTNITE)
2025-05-01 22:30:42 - monitoring.logs_listener - INFO - Token does not match filter 'MEME'. Skipping...
2025-05-01 22:30:42 - trading.trader - INFO - Stop loss triggered: 0.62x
2025-05-01 22:30:42 - trading.trader - INFO - Selling MEN...
2025-05-01 22:30:42 - trading.seller - INFO - Token balance: 22127.91073
2025-05-01 22:30:42 - trading.seller - INFO - Price per Token: 0.00000003 SOL
2025-05-01 22:30:42 - trading.seller - INFO - Selling 22127.91073 tokens
2025-05-01 22:30:42 - trading.seller - INFO - Expected SOL output: 0.00061870 SOL
2025-05-01 22:30:42 - trading.seller - INFO - Minimum SOL output (with 15.0% slippage): 0.00052589 SOL
2025-05-01 22:30:42 - core.client - INFO - Priority fee in microlamports: 200000
2025-05-01 22:30:42 - monitoring.logs_listener - INFO - New token detected: FORTNITE (FORTNITE)
2025-05-01 22:30:42 - monitoring.logs_listener - INFO - Token does not match filter 'MEME'. Skipping...
2025-05-01 22:30:44 - monitoring.logs_listener - INFO - New token detected: FIGHTING Visitor Arrested Illega (FVAIA)
2025-05-01 22:30:44 - monitoring.logs_listener - INFO - Token does not match filter 'MEME'. Skipping...
2025-05-01 22:30:44 - monitoring.logs_listener - INFO - New token detected: FORGOT IT EXISTED (ETH)
2025-05-01 22:30:44 - monitoring.logs_listener - INFO - Token does not match filter 'MEME'. Skipping...
2025-05-01 22:30:44 - monitoring.logs_listener - INFO - New token detected: ETHCHAIN (ETHCHAIN)
2025-05-01 22:30:44 - monitoring.logs_listener - INFO - Token does not match filter 'MEME'. Skipping...
2025-05-01 22:30:44 - monitoring.logs_listener - INFO - New token detected: BOOPXAI A.I. (BOOPXAI)
2025-05-01 22:30:44 - monitoring.logs_listener - INFO - Token does not match filter 'MEME'. Skipping...
2025-05-01 22:30:46 - monitoring.logs_listener - INFO - New token detected: HerbAI (HAI)
2025-05-01 22:30:46 - monitoring.logs_listener - INFO - Token does not match filter 'MEME'. Skipping...
2025-05-01 22:30:47 - trading.seller - INFO - Sell transaction confirmed: 3qMp7WPBsxZaevddn1be73xEuUV7hjvk2BDKHHwa2Pv1bkyf3vEyKx2gZ7ohCCaTgySfDSz2DiNey7dYXJANfadM
2025-05-01 22:30:47 - trading.trader - INFO - Successfully sold MEN
2025-05-01 22:30:47 - trading.trader - INFO - YOLO mode enabled. Waiting 15 seconds before looking for next token...
2025-05-01 22:30:47 - monitoring.logs_event_processor - INFO - Skipping non-Create instruction with discriminator: 17177263679997991869
2025-05-01 22:30:47 - monitoring.logs_event_processor - INFO - Skipping non-Create instruction with discriminator: 17177263679997991869
2025-05-01 22:30:49 - monitoring.logs_listener - INFO - New token detected: BoopDog.fun (BoopDog)
2025-05-01 22:30:49 - monitoring.logs_listener - INFO - Token does not match filter 'MEME'. Skipping...
2025-05-01 22:30:50 - monitoring.logs_event_processor - INFO - Skipping non-Create instruction with discriminator: 17177263679997991869
2025-05-01 22:30:50 - monitoring.logs_event_processor - INFO - Skipping non-Create instruction with discriminator: 17177263679997991869
2025-05-01 22:30:53 - monitoring.logs_listener - INFO - New token detected: Gutang Rilla (GUTAR)
2025-05-01 22:30:53 - monitoring.logs_listener - INFO - Token does not match filter 'MEME'. Skipping...
2025-05-01 22:30:56 - monitoring.logs_listener - INFO - New token detected: pov: hongdae guys (hongdae)
2025-05-01 22:30:56 - monitoring.logs_listener - INFO - Token does not match filter 'MEME'. Skipping...
2025-05-01 22:30:57 - monitoring.logs_listener - INFO - New token detected: DYOR (DYOR)
2025-05-01 22:30:57 - monitoring.logs_listener - INFO - Token does not match filter 'MEME'. Skipping...
2025-05-01 22:30:57 - monitoring.logs_event_processor - INFO - Skipping non-Create instruction with discriminator: 8405817662601179569
2025-05-01 22:30:58 - monitoring.logs_listener - INFO - New token detected: ggegg (egg)
2025-05-01 22:30:58 - monitoring.logs_listener - INFO - Token does not match filter 'MEME'. Skipping...
2025-05-01 22:31:00 - monitoring.logs_listener - INFO - New token detected: The Echo Chamber Effect (CHAMBER)
2025-05-01 22:31:00 - monitoring.logs_listener - INFO - Token does not match filter 'MEME'. Skipping...
2025-05-01 22:31:01 - monitoring.logs_listener - INFO - New token detected: PRETEND THIS IS ON (ETHCHAIN)
2025-05-01 22:31:01 - monitoring.logs_listener - INFO - Token does not match filter 'MEME'. Skipping...
2025-05-01 22:31:02 - trading.trader - INFO - Skipping token MEN - too old (57.0s > 0.001s)
2025-05-01 22:31:02 - trading.trader - INFO - Skipping token MEN - too old (54.0s > 0.001s)
2025-05-01 22:31:02 - monitoring.logs_listener - INFO - New token detected: Just Do It Memecoin  (JDIM)
2025-05-01 22:31:02 - trading.trader - INFO - Queued new token: JDIM (8J8ubCNbUeWCrpaXgsAEkTFkEDqUkBTYBhqFf7Aopump)
2025-05-01 22:31:02 - trading.trader - INFO - Skipping token JDIM - too old (0.0s > 0.001s)
2025-05-01 22:31:02 - monitoring.logs_listener - INFO - New token detected: pov: hongdae guys (hongdae)
2025-05-01 22:31:02 - monitoring.logs_listener - INFO - Token does not match filter 'MEME'. Skipping...
2025-05-01 22:31:04 - monitoring.logs_listener - INFO - New token detected: Tokenize Auraification (AURAIFY)
2025-05-01 22:31:04 - monitoring.logs_listener - INFO - Token does not match filter 'MEME'. Skipping...
2025-05-01 22:31:09 - monitoring.logs_listener - INFO - New token detected: pov: hongdae guys (hongdae)
2025-05-01 22:31:09 - monitoring.logs_listener - INFO - Token does not match filter 'MEME'. Skipping...
2025-05-01 22:31:09 - monitoring.logs_event_processor - INFO - Skipping non-Create instruction with discriminator: 17177263679997991869
2025-05-01 22:31:16 - monitoring.logs_listener - INFO - New token detected: NEW MEME GOVERNMENT ACCOUNT (MEMEDEPTUS)
2025-05-01 22:31:16 - trading.trader - INFO - Queued new token: MEMEDEPTUS (7wW9yD4GRZ2muGA3ySTGJKoYC6PwWBuN94KBsmTWpump)
2025-05-01 22:31:16 - trading.trader - INFO - Skipping token MEMEDEPTUS - too old (0.0s > 0.001s)
2025-05-01 22:31:18 - monitoring.logs_listener - INFO - New token detected: Dr Porkchop (dp)
2025-05-01 22:31:18 - monitoring.logs_listener - INFO - Token does not match filter 'MEME'. Skipping...
2025-05-01 22:31:20 - monitoring.logs_event_processor - INFO - Skipping non-Create instruction with discriminator: 17177263679997991869
2025-05-01 22:31:21 - monitoring.logs_listener - INFO - New token detected: ANGEL MOMS (ANGELMOMS)
2025-05-01 22:31:21 - monitoring.logs_listener - INFO - Token does not match filter 'MEME'. Skipping...
2025-05-01 22:31:23 - monitoring.logs_listener - INFO - New token detected: BOOP The Cat (Boop)
2025-05-01 22:31:23 - monitoring.logs_listener - INFO - Token does not match filter 'MEME'. Skipping...
2025-05-01 22:31:28 - monitoring.logs_listener - INFO - New token detected: IF YOU BUY THIS YOURE A RETARD (DONTBUY)
2025-05-01 22:31:28 - monitoring.logs_listener - INFO - Token does not match filter 'MEME'. Skipping...
2025-05-01 22:31:29 - monitoring.logs_listener - INFO - New token detected: HipComic (HipComic)
2025-05-01 22:31:29 - monitoring.logs_listener - INFO - Token does not match filter 'MEME'. Skipping...
2025-05-01 22:31:30 - monitoring.logs_listener - INFO - New token detected: Quan Millz (millz)
2025-05-01 22:31:30 - monitoring.logs_listener - INFO - Token does not match filter 'MEME'. Skipping...
2025-05-01 22:31:32 - monitoring.logs_listener - INFO - New token detected: Monkion (MONKION)
2025-05-01 22:31:32 - monitoring.logs_listener - INFO - Token does not match filter 'MEME'. Skipping...
2025-05-01 22:31:34 - monitoring.logs_listener - INFO - New token detected: the man who started it all (ALON)
2025-05-01 22:31:34 - monitoring.logs_listener - INFO - Token does not match filter 'MEME'. Skipping...
2025-05-01 22:31:37 - monitoring.logs_listener - INFO - New token detected: PURPLE RUNTZ (ZAZA)
2025-05-01 22:31:37 - monitoring.logs_listener - INFO - Token does not match filter 'MEME'. Skipping...
2025-05-01 22:31:42 - monitoring.logs_listener - INFO - New token detected: Kenji Coin (KC)
2025-05-01 22:31:42 - monitoring.logs_listener - INFO - Token does not match filter 'MEME'. Skipping...
2025-05-01 22:31:42 - monitoring.logs_listener - INFO - New token detected: Jobless Community ($Jobless)
2025-05-01 22:31:42 - monitoring.logs_listener - INFO - Token does not match filter 'MEME'. Skipping...
2025-05-01 22:31:46 - monitoring.logs_listener - INFO - New token detected: Pengutardio ($PTRD)
2025-05-01 22:31:46 - monitoring.logs_listener - INFO - Token does not match filter 'MEME'. Skipping...
2025-05-01 22:31:48 - monitoring.logs_listener - INFO - New token detected: This Is Banned In The US (PINEAPPLE)
2025-05-01 22:31:48 - monitoring.logs_listener - INFO - Token does not match filter 'MEME'. Skipping...
2025-05-01 22:31:54 - monitoring.logs_listener - INFO - New token detected: egggggggggg (egg)
2025-05-01 22:31:54 - monitoring.logs_listener - INFO - Token does not match filter 'MEME'. Skipping...
2025-05-01 22:31:54 - monitoring.logs_listener - INFO - New token detected: Apple Buyback (AB)
2025-05-01 22:31:54 - monitoring.logs_listener - INFO - Token does not match filter 'MEME'. Skipping...
2025-05-01 22:32:02 - monitoring.logs_listener - INFO - New token detected: jason I can see u (SLIDRZZ)
2025-05-01 22:32:02 - monitoring.logs_listener - INFO - Token does not match filter 'MEME'. Skipping...
2025-05-01 22:32:04 - monitoring.logs_listener - INFO - New token detected: VIRGINIA DIDNT KILL HERSELF (NOTSUICIDE)
2025-05-01 22:32:04 - monitoring.logs_listener - INFO - Token does not match filter 'MEME'. Skipping...
2025-05-01 22:32:06 - monitoring.logs_listener - INFO - New token detected: POP GORK (POP GORK)
2025-05-01 22:32:06 - monitoring.logs_listener - INFO - Token does not match filter 'MEME'. Skipping...
2025-05-01 22:32:07 - monitoring.logs_listener - INFO - WebSocket listener cancelled
2025-05-01 22:32:10 - monitoring.logs_listener - INFO - New token detected: Stinky (Stink)
2025-05-01 22:32:10 - monitoring.logs_listener - INFO - Token does not match filter 'MEME'. Skipping...
2025-05-01 22:32:11 - monitoring.logs_listener - INFO - New token detected: Salmon Sperm Facials (SSF)
2025-05-01 22:32:11 - monitoring.logs_listener - INFO - Token does not match filter 'MEME'. Skipping...
2025-05-01 22:32:11 - monitoring.logs_event_processor - INFO - Skipping non-Create instruction with discriminator: 17177263679997991869
2025-05-01 22:32:28 - monitoring.logs_event_processor - INFO - Skipping non-Create instruction with discriminator: 17177263679997991869
2025-05-01 22:32:29 - monitoring.logs_listener - INFO - New token detected: poo undies (PUD)
2025-05-01 22:32:29 - monitoring.logs_listener - INFO - Token does not match filter 'MEME'. Skipping...
2025-05-01 22:32:29 - monitoring.logs_listener - INFO - New token detected: Yoda (Yoda)
2025-05-01 22:32:29 - monitoring.logs_listener - INFO - Token does not match filter 'MEME'. Skipping...
2025-05-01 22:32:32 - monitoring.logs_listener - INFO - New token detected: Vyra OS (VYRA)
2025-05-01 22:32:32 - monitoring.logs_listener - INFO - Token does not match filter 'MEME'. Skipping...
2025-05-01 22:32:34 - monitoring.logs_event_processor - INFO - Skipping non-Create instruction with discriminator: 17177263679997991869
2025-05-01 22:32:35 - monitoring.logs_listener - INFO - New token detected: pov: hongdae guys (hongdae)
2025-05-01 22:32:35 - monitoring.logs_listener - INFO - Token does not match filter 'MEME'. Skipping...
2025-05-01 22:32:39 - trading.trader - INFO - Token queue processor was cancelled
2025-05-01 22:32:39 - monitoring.logs_listener - INFO - Ping loop cancelled
2025-05-01 22:32:39 - monitoring.logs_listener - INFO - WebSocket listener cancelled
2025-05-01 22:32:45 - monitoring.logs_listener - INFO - New token detected: Satoshi Nakomoto (DOGBERT)
2025-05-01 22:32:45 - monitoring.logs_listener - INFO - Token does not match filter 'MEME'. Skipping...
2025-05-01 22:32:45 - monitoring.logs_listener - INFO - New token detected: VIRGINIA DIDNT KILL HERSELF (NOTSUICIDE)
2025-05-01 22:32:45 - monitoring.logs_listener - INFO - Token does not match filter 'MEME'. Skipping...
2025-05-01 22:32:45 - monitoring.logs_listener - INFO - New token detected: This Is Banned In The US (PINEAPPLE)
2025-05-01 22:32:45 - monitoring.logs_listener - INFO - Token does not match filter 'MEME'. Skipping...
2025-05-01 22:32:47 - monitoring.logs_listener - ERROR - Error processing WebSocket message: Event loop is closed
2025-05-01 22:32:47 - monitoring.logs_listener - ERROR - WebSocket connection error: Event loop is closed
2025-05-01 22:32:47 - monitoring.logs_listener - INFO - Reconnecting in 5 seconds...
2025-05-01 22:32:47 - trading.trader - ERROR - Token listening stopped due to error: no running event loop
2025-05-01 22:32:47 - trading.trader - ERROR - Trading stopped due to error: task_done() called too many times
2025-05-01 22:32:47 - trading.trader - INFO - Cleaning up 1 traded token(s)...
2025-05-01 22:32:47 - cleanup.modes - INFO - [Cleanup] Triggered post trading session.
2025-05-01 22:32:47 - cleanup.manager - INFO - Waiting for 5 seconds for RPC node to synchronize...
2025-05-01 22:32:47 - trading.trader - ERROR - Error during cleanup: no running event loop
2025-05-01 22:32:47 - asyncio - ERROR - Task was destroyed but it is pending!
task: <Task cancelling name='Task-1' coro=<start_bot() done, defined at C:\Users\SkiaffaTV\Progetti\pump-fun-bot\src\bot_runner.py:33> wait_for=<Future cancelled> cb=[gather.<locals>._done_callback() at C:\Users\SkiaffaTV\AppData\Local\Programs\Python\Python313\Lib\asyncio\tasks.py:820]>
