{"timestamp": "2025-04-24T20:30:13.087092", "action": "buy", "token_address": "DWMUmRQUZPCBA1gwdDxTJuz6JHnQkREiWMyQpsKWGp9v", "symbol": "U8", "price": 5e-06, "amount": 20, "tx_hash": "3JvdfCep45PUB6rCcH4dB2NuwvFP8n67SCUxqJMt4MuN5ekHYc6J27aCUfwNUK3hh5rSyKNYAWXya5vQAT2qQivB"}
{"timestamp": "2025-04-24T20:30:32.759177", "action": "sell", "token_address": "DWMUmRQUZPCBA1gwdDxTJuz6JHnQkREiWMyQpsKWGp9v", "symbol": "U8", "price": 3.805530050663904e-08, "amount": 20.0, "tx_hash": "5cveLfU7XhPNCPMCZfTXyugJpmAQNmi7zr81PSqs8DsP1T2swYFjJwaB5hNSf3kFPfRzgzd7QZBVaZLd5MqsJevB"}
{"timestamp": "2025-05-01T18:40:02.313101", "action": "buy", "token_address": "yyzQfqeRNd5rud8BgN6U8x9Zgy1RWmRTy8BHr5vpump", "symbol": "X$$$X", "price": 2.799588600673313e-08, "amount": 3571.953392578809, "tx_hash": "bVYXSSWp3JSNE9oEKeh6WUxa5r2KryDVd4WZhx4tJPwxjLwGXnE823D25Sk7mgQwaLXUtCWbMgaa6NJekxDWPJk"}
{"timestamp": "2025-05-01T18:45:49.914399", "action": "sell", "token_address": "yyzQfqeRNd5rud8BgN6U8x9Zgy1RWmRTy8BHr5vpump", "symbol": "X$$$X", "price": 2.797763763693854e-08, "amount": 3571.953392, "tx_hash": "42FjdvwjrbiTkGrJaKp3FepEBsnRahAQoA892rZMu9tF1aymxUCTbV82TTxgNDvjB2F4s6J5m1XUpPdv9xc8BFZm"}
{"timestamp": "2025-05-01T18:47:50.569980", "action": "buy", "token_address": "GEVct4GsVRK6ZSGmtcVGY7QkEJvnGT7kkJnK9Th7pump", "symbol": "LLAMACOIN", "price": 2.8002182095714746e-08, "amount": 3571.1502645825335, "tx_hash": "2cmVdkRV7XvdgBT2zDhphFbu7Qoqu8ZGgTZeFssbz8Gq1FTVgV76DYRvVVcxMoi7fM2fcvYbbGSzY12xrAYLARDt"}
{"timestamp": "2025-05-01T18:53:28.223451", "action": "sell", "token_address": "GEVct4GsVRK6ZSGmtcVGY7QkEJvnGT7kkJnK9Th7pump", "symbol": "LLAMACOIN", "price": 2.7959181128964238e-08, "amount": 3571.150264, "tx_hash": "3gXR2pqfjiwq9vwbojQmXK9L1be4TeEnjAa2SNNsRSxpQSFKRK61DsjuQis4yiEt2b7QNuy27MHtbm6dfhXMwFja"}
{"timestamp": "2025-05-01T20:30:21.976530", "action": "buy", "token_address": "HCiYBbQUtXpQMcN8HByhko9WKG57UeVt9L1zAJYfpump", "symbol": "MEN", "price": 4.51917947504649e-08, "amount": 22127.910730735315, "tx_hash": "3N81XNva16ojK4TUTZeVsk3qiLAsJ3YexA2fkufPUukiEVyNb1GHVeW85jKxGC4DuQ4wcDzMsuYjZeFgy9hWQ2C2"}
{"timestamp": "2025-05-01T20:30:47.164152", "action": "sell", "token_address": "HCiYBbQUtXpQMcN8HByhko9WKG57UeVt9L1zAJYfpump", "symbol": "MEN", "price": 2.796014822705887e-08, "amount": 22127.91073, "tx_hash": "3qMp7WPBsxZaevddn1be73xEuUV7hjvk2BDKHHwa2Pv1bkyf3vEyKx2gZ7ohCCaTgySfDSz2DiNey7dYXJANfadM"}
{"timestamp": "2025-05-01T20:40:39.129978", "action": "buy", "token_address": "7dxz8qXTdT2CyGRgxC6axPFTFLhtgEDRjMKeZdbpump", "symbol": "\ud83d\udfe2>\ud83d\udfe0", "price": 3.531080277575317e-08, "amount": 28319.945211969778, "tx_hash": "4Lsr4jPK2WjABmFn6KNokj9jgKpXKWyBmJm64MJfT2KUr8HJrWDYhDk2KxzFG7RWThq92pDfyZx6j69sH67TcawN"}
{"timestamp": "2025-05-01T20:41:16.247191", "action": "sell", "token_address": "7dxz8qXTdT2CyGRgxC6axPFTFLhtgEDRjMKeZdbpump", "symbol": "\ud83d\udfe2>\ud83d\udfe0", "price": 2.844690626288942e-08, "amount": 28319.945211, "tx_hash": "2dLX8zg4jmsbgTDUWxQgs1mtFuaVCttn2tk4Wkww7zNAK1sZFFQWCTLye578zDiSMaMZTXNbtnMUBtbuw6iyR7Ed"}
{"timestamp": "2025-05-01T20:42:06.430000", "action": "buy", "token_address": "8DKXHYWesWaG4We1sVk8nTHXm3Fq5U4C39XzvGpgn8SZ", "symbol": "PUMPFUN", "price": 3.281298539919228e-08, "amount": 30475.739644970432, "tx_hash": "2bngLefdMDKw1vnPMXbN8GDQ9ysLfC7KLRnwcvRgtAQX4Z6AeCzsVxVyx5jgwiGXr2fqEYFqfzTfAVpL9dFmqEhg"}
{"timestamp": "2025-05-01T20:52:23.419247", "action": "sell", "token_address": "8DKXHYWesWaG4We1sVk8nTHXm3Fq5U4C39XzvGpgn8SZ", "symbol": "PUMPFUN", "price": 3.281500475326471e-08, "amount": 30475.739644, "tx_hash": "5PPGVppi3QF766u9UzEJdtVHVAhCBsqG9z6ziMnvkQF47WrGKK2Hs3tjQzJomVeJw5jRWzpdGHF8RVWXhhXDsCmp"}
{"timestamp": "2025-05-01T20:54:33.065779", "action": "buy", "token_address": "tdR1rQ7SeiAn1XXNK9iHvL5x8cMaq8Gg4WAbL4Lpump", "symbol": "pumphouse", "price": 2.9209381185906047e-07, "amount": 3423.5576359368906, "tx_hash": "4U5Qr5wgjcEViMziu2hhSuTfQezZxeyq4DVLLd2KKALpoANhbtEm3hbFPQwYiWqoVfNb3yossdMJBNNJPdYNAUcq"}
{"timestamp": "2025-05-01T21:00:47.842921", "action": "sell", "token_address": "tdR1rQ7SeiAn1XXNK9iHvL5x8cMaq8Gg4WAbL4Lpump", "symbol": "pumphouse", "price": 3.5793673476071395e-08, "amount": 3423.557635, "tx_hash": "5iFrQnaZsqr1K5tURUar8BUmAsUxefC2WgK7FL477HF889hWzisJVVoHZMN126rxJqG8PCuF8h2asTcsD6F2GwTf"}
{"timestamp": "2025-05-01T21:01:53.389649", "action": "buy", "token_address": "3K71ezY6tf9YW58FmzrrVeuCCiafAoskU645oDKMpump", "symbol": "HAROLD", "price": 3.3769613211723e-08, "amount": 29612.420898349334, "tx_hash": "gADLnvggLohWdCMnZhzNDL5Hde3PLpTvJgNJ8TSDLpM6SujMYGW9J7U1m7zjSeQnX31QvQbv6nwwrLupLFmEVZG"}
{"timestamp": "2025-05-01T21:02:30.503528", "action": "sell", "token_address": "3K71ezY6tf9YW58FmzrrVeuCCiafAoskU645oDKMpump", "symbol": "HAROLD", "price": 2.8006011042134628e-08, "amount": 29612.420898, "tx_hash": "4DC148QfxUAGxBZyiGaJ8YCh9VhRV6buADawAcCyde87wsUKrCZ8KtsCt6nMqNmKFzg97duW7wQAyv4bQzrrnNow"}
{"timestamp": "2025-05-01T21:12:50.427016", "action": "buy", "token_address": "BkbizNfYEFF9y1MyYt3212zUy2HfxoB3jZ1FdpP4pump", "symbol": "MILEI", "price": 2.814442516257294e-08, "amount": 35531.015262298606, "tx_hash": "CyNkYrf8vmibK78W4fKSr77L6MBtKBQbhrnJ3XPz1qpRmdfFHHcTWnfbEvieqxLDNG95LNmfMCvfB78Mt5zfhRz"}
{"timestamp": "2025-05-01T21:18:13.150879", "action": "sell", "token_address": "BkbizNfYEFF9y1MyYt3212zUy2HfxoB3jZ1FdpP4pump", "symbol": "MILEI", "price": 2.796432010722161e-08, "amount": 35531.015262, "tx_hash": "44npSAWromcUwFkdWT3cWswUMUeN67gXEtyP1JcvEGd7L7BB7hyw8ZZYmwdoftcNKrvAAjYeENcPd3jYT8fj6JWi"}
{"timestamp": "2025-05-01T21:18:47.803734", "action": "buy", "token_address": "5oT1FCC9SXpcmsVj3cwNaUnXWd79B4texwfpyrqEpump", "symbol": "D-SOL", "price": 3.275424930249622e-08, "amount": 30530.389836282695, "tx_hash": "5tETGUTdVkYeQt1r4SgLvmUGLaVXG4sJtdJEruJRToKUKwcSGPjzCAu1q3k2kAJy1MqDhKLoXbjMyKFvC8rxUYrF"}
{"timestamp": "2025-05-01T21:20:22.243654", "action": "sell", "token_address": "5oT1FCC9SXpcmsVj3cwNaUnXWd79B4texwfpyrqEpump", "symbol": "D-SOL", "price": 4.2383239709655694e-08, "amount": 30530.389836, "tx_hash": "4NTF5SuTRGXRSuTd1wk81gKNMi9nHghtCTHZYDdmprButg8BwmcnvATc5D8213KGfCzxwTWvWJ3sYLj91i3FVZ4V"}
{"timestamp": "2025-05-01T21:20:56.596291", "action": "buy", "token_address": "5ZR4PBFzrtjhQSqUS3jdqwaSPbhqQwKyQtsNpYQHpump", "symbol": "CST", "price": 3.0984951704794705e-08, "amount": 32273.731117200903, "tx_hash": "5Gg4NiciyRvKfyL3uF2owC6A8MuXQTEkUXCJ8bLxNm1Vvdtp8vGac3T92cGi9sTdDkZYy4vSrggJETR2ZsM1ZYap"}
{"timestamp": "2025-05-01T21:26:18.110593", "action": "sell", "token_address": "5ZR4PBFzrtjhQSqUS3jdqwaSPbhqQwKyQtsNpYQHpump", "symbol": "CST", "price": 2.889286169708222e-08, "amount": 32273.731117, "tx_hash": "4R3PqihwFgJjgEUwssNcYzuZgBT5m5aHkdVjJf85pjsWJd4FWAw6KwuqfQzmXN65hSKd3dy9Z7mh5yzqVyDa3WYJ"}
{"timestamp": "2025-05-01T21:26:51.748783", "action": "buy", "token_address": "6Mmg4noutKPebiQV3jo1TvKttNDLpdEQdUGE9u1bpump", "symbol": "TOTUS", "price": 3.17176654616986e-08, "amount": 31528.17161803958, "tx_hash": "2R5rghRNWnLoNdCsXg2K2TF1YPvm5Muv1GPhHsn9kY5FCWkpzhPJjkQbS7ZjJ2LPoHYuLeQgg6bUjMTgdDA8hDPL"}
{"timestamp": "2025-05-01T21:32:14.187472", "action": "sell", "token_address": "6Mmg4noutKPebiQV3jo1TvKttNDLpdEQdUGE9u1bpump", "symbol": "TOTUS", "price": 2.824492174935687e-08, "amount": 31528.171618, "tx_hash": "XvxRDVuST3BCzRLbfhoA6zx4ojv572YmftqdD9o92JsTwUd3Lqyu5KsUJDfmNzmDvCxmwkKkZhwsuwxfv329jZL"}
{"timestamp": "2025-05-01T21:32:48.745718", "action": "buy", "token_address": "EedDB7Z8gjECUMnDLPvG8PbqnAMmyeYgKZxAWcZSpump", "symbol": "ORANGE ", "price": 3.093436169657189e-08, "amount": 32326.511528143765, "tx_hash": "5SXrMpMKGqZ8pFeLpzfu5GPMhMACgCadcTCDQ9aujJRoPBdRxAL37dKQ1uybBwFqMFvbRAGQxve5GW9UnSLXBRCR"}
{"timestamp": "2025-05-01T21:38:12.463219", "action": "sell", "token_address": "EedDB7Z8gjECUMnDLPvG8PbqnAMmyeYgKZxAWcZSpump", "symbol": "ORANGE ", "price": 2.7964153058475367e-08, "amount": 32326.511528, "tx_hash": "5E3t4PdoguJoSPRtLDG4CpDwPAAgHfDx15jhEpMQhH5M7TRUNrn99iRfzqeo1ShjsxyqyFkoVk2ZojznKef6tWCh"}
{"timestamp": "2025-05-01T21:40:32.965608", "action": "buy", "token_address": "8Le9MaTGEnhxugxjk74fAkDCMhVbqVuyNoTmvrR2pump", "symbol": "ur mom", "price": 3.2772813012105545e-08, "amount": 30513.096316468847, "tx_hash": "4SR1SNPgvBfnM5BihvRmwWwpZumt8XdwEJtaEPuYHxk7nvQK8esNsE8YkXQ6SY77LSFcYSDKrPZ4PSgqTQbLgG3o"}
{"timestamp": "2025-05-01T21:41:51.493711", "action": "sell", "token_address": "8Le9MaTGEnhxugxjk74fAkDCMhVbqVuyNoTmvrR2pump", "symbol": "ur mom", "price": 2.8035200153163386e-08, "amount": 30513.096316, "tx_hash": "2fBoTVo2GZSn3Kf51nYs8wfUzm1Htioj3sA79r8Pa7oreLPiMCw8zthxuy87hPu1e2yiB4w7mdyXhFBoU9GsNCAi"}
{"timestamp": "2025-05-01T21:42:26.226032", "action": "buy", "token_address": "5KzVVDSaWSbfCbgmBs6abhqbtJUAyxMgzA7H6TrP3dDK", "symbol": "sike", "price": 2.993540046185626e-08, "amount": 33405.265490742364, "tx_hash": "QRVVXzCA3TW1JYg2xpTfwkpLHXu9CpKEsuA7E729DdaULpfTqkK8xmQLACfxy29sajY5eZr4oYMS6FfZ56jsqy4"}
{"timestamp": "2025-05-01T21:42:59.606490", "action": "sell", "token_address": "5KzVVDSaWSbfCbgmBs6abhqbtJUAyxMgzA7H6TrP3dDK", "symbol": "sike", "price": 3.948326318229823e-08, "amount": 33405.26549, "tx_hash": "2dmqtVd3Zf4rJj5NM5wYSwsLRd9N5CENe9UnRXN6QfTJ6WcGHSPk1aTocSqb5pMYTxzxE6yBzXZz6gcKQBMMHHj6"}
{"timestamp": "2025-05-01T21:43:35.560780", "action": "buy", "token_address": "EM23yM1eSNV9tFFBHMNJnpFPraA3n8B2yYpM97Apump", "symbol": "RIM", "price": 3.3108394725701606e-08, "amount": 30203.820157541897, "tx_hash": "3STPj1u6GmQ1o37uzaYwTSGkBdQiPxb9NprbzKofAyTZpba8iDL2TMXc7xGyYrh1mSzcmuyJdD2GtyDAYeJpoPo5"}
{"timestamp": "2025-05-01T21:44:45.489951", "action": "buy", "token_address": "4FquaeHThpiZinvmDwL9tiFEQizq8dK6Qw4jdE69Yy6U", "symbol": "PM", "price": 3.023654580000827e-08, "amount": 33072.56082140595, "tx_hash": "4nnnE1xej9L4DCSe2bb62e3i9P88cQDGBQNc31LXsSXhBgMYmzQ8U1CYEacZfMPUsnFSz9QXYvyZnvsavA7bKpup"}
{"timestamp": "2025-05-01T21:46:04.060623", "action": "sell", "token_address": "4FquaeHThpiZinvmDwL9tiFEQizq8dK6Qw4jdE69Yy6U", "symbol": "PM", "price": 2.8065246275970517e-08, "amount": 33072.560821, "tx_hash": "6GT5qvWrYXgL2y1Lbn3fa8yP9LTG69Rzwigmvn9WPZ9ZiFVPf8onvPYHtxMZVhuPEkC2j6Z1ySiZHUwdRuJD41j"}
{"timestamp": "2025-05-01T21:46:39.537327", "action": "buy", "token_address": "Fgvg96QCDk6Fo73tQSArmWFkZrS8XzBmiiy239sri9vR", "symbol": "142k vs 1", "price": 2.9873473243663395e-08, "amount": 33474.514056115484, "tx_hash": "3E9LJckKG6CPXxk2B9mVGkFXwfaPXVr8q5ZLT57k49ERALhQn5UZNdVa5fLw4ti1U5wGyw3mejKtaP9rYvmhGWpp"}
{"timestamp": "2025-05-01T21:47:59.287121", "action": "sell", "token_address": "Fgvg96QCDk6Fo73tQSArmWFkZrS8XzBmiiy239sri9vR", "symbol": "142k vs 1", "price": 2.9836850010938725e-08, "amount": 33474.514056, "tx_hash": "2hgsVqPQtA6eU9NbttnokfPhV3hYzX3oMLzUZo3q5kL85z7uPz2Ng9WfjeX2FjjJmTsvjZ9pmdkxPkUSz3o5GXGF"}
{"timestamp": "2025-05-01T21:48:35.467516", "action": "buy", "token_address": "9D5xLjkFzUFUdKzvXNhAFoYzFBNR1agfj1RXwBGypump", "symbol": "LIS", "price": 3.2569774184394084e-08, "amount": 30703.31388662662, "tx_hash": "naws6JK8JKJcKjssvMNXszqDnF5URLWgL97H8kJ6sUq7j7itkJtdypY2zjchkeE9NacVbQX1RVwNUigqfyNC8a5"}
{"timestamp": "2025-05-01T21:49:52.965973", "action": "sell", "token_address": "9D5xLjkFzUFUdKzvXNhAFoYzFBNR1agfj1RXwBGypump", "symbol": "LIS", "price": 2.9222588516171427e-08, "amount": 30703.313886, "tx_hash": "iAYrTp4XjuqLpCgk9q5nnRfwBvqkACSTLCFfavFg7vyrpJJL269KTL54U5RqnorhVVroz1uMLG2biqJSRwBDdQ7"}
{"timestamp": "2025-05-01T21:50:37.319564", "action": "buy", "token_address": "6YrALZVkrqBks8uQTzfsNoYCwFb4Rb9HkVSqjpMspump", "symbol": "FITR", "price": 3.37686719780439e-08, "amount": 29613.246284905472, "tx_hash": "3T966ARBxUfzzCrYEkRdubaaCoS8fgw4ifxZuBEdZpC6zu4e3sEpAZAs6YfbbBamZewi1fD77ZXQCi9GNoiprh1u"}
{"timestamp": "2025-05-01T21:50:59.234931", "action": "sell", "token_address": "6YrALZVkrqBks8uQTzfsNoYCwFb4Rb9HkVSqjpMspump", "symbol": "FITR", "price": 2.797661939254752e-08, "amount": 29613.246284, "tx_hash": "2pqB6CtC5ht8FfpBZrYYwPRq5XCfJiHFtZyyv71A9FUfKFeUx3j9uzbTXCGTYBcsb859ftjWBiDnpncDwnUae7Q1"}
{"timestamp": "2025-05-01T21:51:36.020749", "action": "buy", "token_address": "CnDTaFsFJ2yQP9EiqxdhtrztpwCzr9RJ4q4u41dEpump", "symbol": "Buyplz", "price": 2.829278107200972e-08, "amount": 35344.70497809451, "tx_hash": "2Ht6tsJEYyepZ34JwxGh5neJuz3Eu2CzCP12U3gHoZFgj89aS8jwiDcXJBxx3dGGY4hk3Ud6xUA34yALzBCcBeUV"}
{"timestamp": "2025-05-01T21:52:54.563947", "action": "sell", "token_address": "CnDTaFsFJ2yQP9EiqxdhtrztpwCzr9RJ4q4u41dEpump", "symbol": "Buyplz", "price": 2.8312656368315594e-08, "amount": 35344.704978, "tx_hash": "4PYHdrsF817tVUXamvyfi47Yao6bMYicS7TS6SNLqRDPSGmqcreDgnGWzyCU5HUZ17YxQqnyGgzk9ajE8MZHkz8s"}
{"timestamp": "2025-05-01T21:57:12.063029", "action": "buy", "token_address": "32rgzQUjrhMxZ9zhhe3yP3AqXq4wjM1nDGGT8YcSpump", "symbol": "HPE", "price": 3.082479030852749e-08, "amount": 32441.421011819704, "tx_hash": "HNA8NyfA585tu47duQ9Gx51JWYZW6ezGaXKzUyhvvb64CjCr7nG7JvJFcd2tKKP1CVxLqMUsp4ggC7hY77uTMAY"}
{"timestamp": "2025-05-01T21:57:40.615314", "action": "sell", "token_address": "32rgzQUjrhMxZ9zhhe3yP3AqXq4wjM1nDGGT8YcSpump", "symbol": "HPE", "price": 3.082674753249753e-08, "amount": 32441.421011, "tx_hash": "KVZ1zJx8So1tfgKE5qzck3MPJ3SnbGKo6LRCPtMiDW1r2CJL9XPYcbNi6T2rDfVoQSyKpqqjcYue4ZWkiaBrCHo"}
{"timestamp": "2025-05-01T22:30:13.760117", "action": "buy", "token_address": "9a1cv6gqG7FK98ueB7UN4Y8bWAPsHC6K3M5K85nDpump", "symbol": "DOGEDOGE", "price": 3.5954060296813995e-08, "amount": 27813.27037181982, "tx_hash": "4WqY6DgdJ2vK3uJKvzYb7nRBMtbNvUyGVSzjF71SActfuf9bmrMEoVhm8aYUoy6A7eUBxDEVLnyNZ5Rt9mLKc4U8"}
{"timestamp": "2025-05-01T22:30:43.396662", "action": "sell", "token_address": "9a1cv6gqG7FK98ueB7UN4Y8bWAPsHC6K3M5K85nDpump", "symbol": "DOGEDOGE", "price": 3.591388391044272e-08, "amount": 27813.270371, "tx_hash": "65oEetFJfFcGCsvKzqdzaTmysgPUKZVcESGV3gi851dy5y9U9NqVsTh6h6VkvZKpkV6zRsXHUoEZwxHtTUpPuyLv"}
{"timestamp": "2025-05-01T23:05:06.523071", "action": "buy", "token_address": "A7M6hcH2QHYRs2jax5BEGrQyepyzSxek6MqxYcBHpump", "symbol": "HB366", "price": 3.040958327576264e-08, "amount": 32884.37039507313, "tx_hash": "4zEqSPfDokUiGsXG3ocnj1PCZrbXaEvLyPfyikMWdfQMWKVxWei9HCqxiorUmKvuPD1KxMCoSdqqmpRXL9X4gFen"}
{"timestamp": "2025-05-01T23:11:09.613872", "action": "sell", "token_address": "A7M6hcH2QHYRs2jax5BEGrQyepyzSxek6MqxYcBHpump", "symbol": "HB366", "price": 2.7960709001660434e-08, "amount": 32884.370395, "tx_hash": "3en1UAAaQB84KeeBS1jatqAnvosHG5n9rhrVGbHhgooC4skmwaAzdBPVFpm5tnvvSFL1Kf2uxLuoyJnJ4wschSfy"}
{"timestamp": "2025-05-01T23:11:46.839868", "action": "buy", "token_address": "7gPVrZAovbcqsAv7oxx1L4YmCAGTAnKBYbwsapSqpump", "symbol": "gorked", "price": 5.779715129670811e-08, "amount": 17301.890795039166, "tx_hash": "5YLXjZ1usiy6KW4dJMjfonzfAY7SYy5rvdhX3HdDEX1xLFhNJCJCtnhxuW7QyDJzGSrQKsJnKDZ1nDhFnJtRee53"}
{"timestamp": "2025-05-01T23:12:19.592011", "action": "buy", "token_address": "8bpRxidbWBbiK9AxJPeF7NpnXmiJvroHXN4jFM16pump", "symbol": "HC", "price": 5.460018478322389e-08, "amount": 18314.956331562706, "tx_hash": "ZXFmG6UqqVXPXoKpKGA3Ef8DrmC6kif142t8NMqBt1Yn2xG4xLTrusvwAv8usTWa9GT5sJarYTx5iMpwbrFXZkZ"}
{"timestamp": "2025-05-01T23:12:41.530331", "action": "sell", "token_address": "8bpRxidbWBbiK9AxJPeF7NpnXmiJvroHXN4jFM16pump", "symbol": "HC", "price": 4.376885540901742e-08, "amount": 18314.956331, "tx_hash": "27pbYHoMrUo5tR5CvNY13dFRE7pacynKhWAwZov5Se3KrFtCQ3HYcR6igeb6FvYLLzrtc5xsCJcARRt15UhES8CG"}
{"timestamp": "2025-05-01T23:13:20.770423", "action": "buy", "token_address": "5VcG8kYGLSbEfxpsQGFPJWeC74HfqwEeEUwBJSgtpump", "symbol": "RST", "price": 2.8302317810249892e-08, "amount": 35332.79523975392, "tx_hash": "21cFqoLV9WRZPi5BHTWWFS79jFhtujpukW9oG1xQttaswsxsNe87tc9VU7ytUy78Kw6kCCuUvE73cgeAQZhQ6fTS"}
{"timestamp": "2025-05-01T23:19:27.921405", "action": "sell", "token_address": "5VcG8kYGLSbEfxpsQGFPJWeC74HfqwEeEUwBJSgtpump", "symbol": "RST", "price": 2.7964309773445088e-08, "amount": 35332.795239, "tx_hash": "2zYgyHfGLBmdYR7EeZQYtfDazBrtohw9K7NcPF2KBM9ChVgJyqxfMsgmHuCuU87FcSzprf9UFXoa1r9goKBorwKJ"}
{"timestamp": "2025-05-01T23:20:00.713370", "action": "buy", "token_address": "5UPzwzFdHkNkQo3vKKje2a5xmDjdXSK3243dfEdrpump", "symbol": "BBB", "price": 3.0795730879515575e-08, "amount": 32472.033344893625, "tx_hash": "64eTzcZHfNWizm3YrTM9nFtkBm859zGeaLPZbrbbAiJy3WoJXKeJgopFeHZ1S4YP9n6HsK9MRyzAiqjbexSHSgpU"}
{"timestamp": "2025-05-02T19:45:13.920926", "action": "buy", "token_address": "G1sy3xfD9nw7voekyWMALj9KUmiArB8X94iNLQAdMfTz", "symbol": "bean.fun_1", "price": 2.797530526755201e-08, "amount": 35745.811902180736, "tx_hash": "PNcYXDdN35vJpH1UzDVtij3y1EymGXzdkkf5R7hDbFnTbWx6GHJLWp5u5xduTwZ5AEu9qE5vf5hNZk1o2iWHuxG"}
{"timestamp": "2025-05-02T19:46:00.214072", "action": "sell_trigger", "token_address": "G1sy3xfD9nw7voekyWMALj9KUmiArB8X94iNLQAdMfTz", "symbol": "bean.fun_1", "price": 0.0, "amount": 35745.811902180736, "tx_hash": null, "reason": "fixed_time"}
{"timestamp": "2025-05-02T19:46:00.348677", "action": "sell_failed", "token_address": "G1sy3xfD9nw7voekyWMALj9KUmiArB8X94iNLQAdMfTz", "symbol": "bean.fun_1", "price": 0.0, "amount": 35745.811902180736, "tx_hash": null, "reason": "InvalidParamsMessage { message: \"Invalid param: could not find account\" }"}
{"timestamp": "2025-05-02T19:48:09.528835", "action": "buy", "token_address": "CdivLm3SuPgA3UB1uCXUFdW6NYchGDLbBGc8aXhmpPsW", "symbol": "bean.fun_1", "price": 2.797530526755201e-08, "amount": 35745.811902180736, "tx_hash": "ao4KXGRM8WLKPw6b8soJMSsbLDdT6Qgrp9kspZBLk3e5eJqXtF9HbHu6b2LF7YiwtDrrZpsytNQu9GDcLpm9C99"}
{"timestamp": "2025-05-02T19:48:56.592234", "action": "sell_trigger", "token_address": "CdivLm3SuPgA3UB1uCXUFdW6NYchGDLbBGc8aXhmpPsW", "symbol": "bean.fun_1", "price": 0.0, "amount": 35745.811902180736, "tx_hash": null, "reason": "fixed_time"}
{"timestamp": "2025-05-02T19:48:56.888441", "action": "sell_failed", "token_address": "CdivLm3SuPgA3UB1uCXUFdW6NYchGDLbBGc8aXhmpPsW", "symbol": "bean.fun_1", "price": 0.0, "amount": 35745.811902180736, "tx_hash": null, "reason": "InvalidParamsMessage { message: \"Invalid param: could not find account\" }"}
{"timestamp": "2025-05-02T19:50:38.838527", "action": "buy", "token_address": "6VEEptgxp6SS3ow8Lu9aan8Jy2xAEFxoGKH2KsComk8Q", "symbol": "bean.fun_1", "price": 2.797530526755201e-08, "amount": 35745.811902180736, "tx_hash": "39cX1AtUVtVec2TGbTfKTLbnKHCBvcE5cmdnRhQUv56qDZi8L1HNEagqJ52Cz41zdKryMygW4ZaxEgqbiMFomuSA"}
{"timestamp": "2025-05-02T19:51:25.432000", "action": "sell_trigger", "token_address": "6VEEptgxp6SS3ow8Lu9aan8Jy2xAEFxoGKH2KsComk8Q", "symbol": "bean.fun_1", "price": 0.0, "amount": 35745.811902180736, "tx_hash": null, "reason": "fixed_time"}
{"timestamp": "2025-05-02T19:51:25.576256", "action": "sell_failed", "token_address": "6VEEptgxp6SS3ow8Lu9aan8Jy2xAEFxoGKH2KsComk8Q", "symbol": "bean.fun_1", "price": 0.0, "amount": 35745.811902180736, "tx_hash": null, "reason": "InvalidParamsMessage { message: \"Invalid param: could not find account\" }"}
{"timestamp": "2025-05-03T19:00:32.289743", "action": "buy", "token_address": "77QYs8hn1gAW2v1E6JqqDZQ5KsXw1P2ZftfQFafWpump", "symbol": "VVT", "price": 2.7959180130596602e-08, "amount": 35766.4278898389, "tx_hash": "36ezu6ckwk6kodrNRZVi9WaFe91JFBXZYoTULyuYvuYkypDVX5hhegmcDDjhvGz2vimcWvip14Zay8oNU1fBAa1R"}
{"timestamp": "2025-05-03T19:01:19.287664", "action": "sell_trigger", "token_address": "77QYs8hn1gAW2v1E6JqqDZQ5KsXw1P2ZftfQFafWpump", "symbol": "VVT", "price": 0.0, "amount": 35766.4278898389, "tx_hash": null, "reason": "fixed_time"}
{"timestamp": "2025-05-03T19:01:19.288323", "action": "sell_failed", "token_address": "77QYs8hn1gAW2v1E6JqqDZQ5KsXw1P2ZftfQFafWpump", "symbol": "VVT", "price": 0.0, "amount": 35766.4278898389, "tx_hash": null, "reason": "No token account found for mint: 77QYs8hn1gAW2v1E6JqqDZQ5KsXw1P2ZftfQFafWpump"}
{"timestamp": "2025-05-03T21:29:05.714021", "action": "buy", "token_address": "4VTojTnDcK59GYB8cjiDQL1xoVcrec8rRAdj523Upump", "symbol": "VVT", "price": 2.7959192898581682e-08, "amount": 35766.41155656279, "tx_hash": "5wgtw9uWSNBSMoktdMs34fAp2CrxJPZnszgnJAYDwSRFKoTqM1Y6HVmsP7VR2TcRaqrLUnWz17n7nHJzbD2EsE59"}
{"timestamp": "2025-05-03T21:29:52.694874", "action": "sell_trigger", "token_address": "4VTojTnDcK59GYB8cjiDQL1xoVcrec8rRAdj523Upump", "symbol": "VVT", "price": 0.0, "amount": 35766.41155656279, "tx_hash": null, "reason": "fixed_time"}
{"timestamp": "2025-05-03T21:29:52.695623", "action": "sell_failed", "token_address": "4VTojTnDcK59GYB8cjiDQL1xoVcrec8rRAdj523Upump", "symbol": "VVT", "price": 0.0, "amount": 35766.41155656279, "tx_hash": null, "reason": "No token account found for mint: 4VTojTnDcK59GYB8cjiDQL1xoVcrec8rRAdj523Upump"}
{"timestamp": "2025-05-03T21:50:04.274481", "action": "buy", "token_address": "Cejtvj4xW4GMdHFRYG8H5GHrkVhiwjMBnJCa3ENpump", "symbol": "VVT", "price": 2.7959179869835342e-08, "amount": 35766.428223414456, "tx_hash": "NWAR5gGGN87pvGzz5GgecGL2a21SdSWSHekSiqUqga1xFGLzLsqxgW8eAFVcZEeF7o2WfKf765oAdMGT3FCWBzy"}
{"timestamp": "2025-05-03T21:50:51.620457", "action": "sell_trigger", "token_address": "Cejtvj4xW4GMdHFRYG8H5GHrkVhiwjMBnJCa3ENpump", "symbol": "VVT", "price": 0.0, "amount": 35766.428223414456, "tx_hash": null, "reason": "fixed_time"}
{"timestamp": "2025-05-03T21:51:16.777776", "action": "sell_failed", "token_address": "Cejtvj4xW4GMdHFRYG8H5GHrkVhiwjMBnJCa3ENpump", "symbol": "VVT", "price": 0.0, "amount": 35766.428223414456, "tx_hash": null, "reason": "Account 9L94NWKt9hmGmKQC3uFV7dVGq48gbzUha3JM7epixgpF not found"}
{"timestamp": "2025-05-03T21:52:02.630869", "action": "buy", "token_address": "6wU2QRmSdLk3m3vZK5TARn5SK1ECcjbWvNoSu9rmpump", "symbol": "VVT", "price": 2.7959179869835342e-08, "amount": 35766.428223414456, "tx_hash": "2AvPnbbc6FGrPVgfa4DgWcGvYKXajBpcGvQBSQUfC1b1uYBNDh7yGMEW794SyftXb616GSoKAuzubaqwicepq7dv"}
{"timestamp": "2025-05-03T21:52:49.431620", "action": "sell_trigger", "token_address": "6wU2QRmSdLk3m3vZK5TARn5SK1ECcjbWvNoSu9rmpump", "symbol": "VVT", "price": 0.0, "amount": 35766.428223414456, "tx_hash": null, "reason": "fixed_time"}
{"timestamp": "2025-05-03T21:53:14.754030", "action": "sell_failed", "token_address": "6wU2QRmSdLk3m3vZK5TARn5SK1ECcjbWvNoSu9rmpump", "symbol": "VVT", "price": 0.0, "amount": 35766.428223414456, "tx_hash": null, "reason": "Account F7shxVHfbgExsXqD1xa93jD6heoagWFwJ13oA3fXRkDZ not found"}
{"timestamp": "2025-05-03T21:56:46.040155", "action": "buy", "token_address": "7e1RbU1FXuY4YYH4WGHvYiEaALsgcXgBCDwUrNympump", "symbol": "VVT", "price": 2.7959179869835342e-08, "amount": 35766.428223414456, "tx_hash": "qKjCaU2uwoRxpK8VKgCoP78hSrX1JvYXkrJpQUYNbiBdumRoSRVDucHAbaSL8fCpwczce5x55iK3wbhXhXLYc2U"}
{"timestamp": "2025-05-03T21:57:32.718821", "action": "sell_trigger", "token_address": "7e1RbU1FXuY4YYH4WGHvYiEaALsgcXgBCDwUrNympump", "symbol": "VVT", "price": 0.0, "amount": 35766.428223414456, "tx_hash": null, "reason": "fixed_time"}
{"timestamp": "2025-05-03T21:57:57.882232", "action": "sell_failed", "token_address": "7e1RbU1FXuY4YYH4WGHvYiEaALsgcXgBCDwUrNympump", "symbol": "VVT", "price": 0.0, "amount": 35766.428223414456, "tx_hash": null, "reason": "Account Cqt9mLZwqA1d1eiSLepa9A4dhzkUptRMmXLCFGrdasY9 not found"}
{"timestamp": "2025-05-03T21:58:56.826264", "action": "buy", "token_address": "8bnCMYdASu31sLP7g6zcwp7fopomQqa8KTbDP3Etpump", "symbol": "VVT", "price": 2.7959179869835342e-08, "amount": 35766.428223414456, "tx_hash": "3A4aGERyKrZVu3SBd6U8nQd6gU2mcouuYd56GrDvLhVUdVdhptBDgZFydFEPrbpKQVZysLDtZ9g3PJS2E769xEqZ"}
{"timestamp": "2025-05-03T21:59:43.799296", "action": "sell_trigger", "token_address": "8bnCMYdASu31sLP7g6zcwp7fopomQqa8KTbDP3Etpump", "symbol": "VVT", "price": 0.0, "amount": 35766.428223414456, "tx_hash": null, "reason": "fixed_time"}
{"timestamp": "2025-05-03T22:00:08.964864", "action": "sell_failed", "token_address": "8bnCMYdASu31sLP7g6zcwp7fopomQqa8KTbDP3Etpump", "symbol": "VVT", "price": 0.0, "amount": 35766.428223414456, "tx_hash": null, "reason": "Account 97izc8e8TozwwDYopD9FnJhP4pqnCLQTVNHLAHcbmMgZ not found"}
{"timestamp": "2025-05-03T22:01:43.282812", "action": "buy", "token_address": "2FX8FzUgVcyf8CBRjaZbGSFNDdXJGvdg5sDBbq86pump", "symbol": "VVT", "price": 2.812506504168052e-08, "amount": 35555.4733302138, "tx_hash": "25N9pNsVuGPYb1qxyjo1Bczw7gMAE25xv8WxomWjy22LRpLM8Ljxir6VFTGxM5oM7JMuLmVawyPtdTiMqqJfjZ9b"}
{"timestamp": "2025-05-03T22:02:31.259279", "action": "sell_trigger", "token_address": "2FX8FzUgVcyf8CBRjaZbGSFNDdXJGvdg5sDBbq86pump", "symbol": "VVT", "price": 0.0, "amount": 35555.4733302138, "tx_hash": null, "reason": "fixed_time"}
{"timestamp": "2025-05-03T22:02:56.428470", "action": "sell_failed", "token_address": "2FX8FzUgVcyf8CBRjaZbGSFNDdXJGvdg5sDBbq86pump", "symbol": "VVT", "price": 0.0, "amount": 35555.4733302138, "tx_hash": null, "reason": "Account 7vXhZumGjwK9rXPxYxFFv3mnmkErkEsWUqzmqTG5g9eT not found"}
{"timestamp": "2025-05-03T22:10:54.920833", "action": "buy", "token_address": "5ALqVkUyeiCoiaJpWJQphrStCa6gHki9A3eDX3zZpump", "symbol": "VVT", "price": 2.8236659911795522e-08, "amount": 35414.953578920366, "tx_hash": "4KZLPXNUQaRdrqAK6vW1QjrCNhVjenFYZbsyBayKTED1GC6cz9rTF1Q9P4akd7Zq2mPeowc32XTu9mD8YJoWL3ig"}
{"timestamp": "2025-05-03T22:11:41.612608", "action": "sell_trigger", "token_address": "5ALqVkUyeiCoiaJpWJQphrStCa6gHki9A3eDX3zZpump", "symbol": "VVT", "price": 0.0, "amount": 35414.953578920366, "tx_hash": null, "reason": "fixed_time"}
{"timestamp": "2025-05-03T22:12:06.777406", "action": "sell_failed", "token_address": "5ALqVkUyeiCoiaJpWJQphrStCa6gHki9A3eDX3zZpump", "symbol": "VVT", "price": 0.0, "amount": 35414.953578920366, "tx_hash": null, "reason": "Account 49FzymrXYaQQG9XNWhaJvbwUT5sX9RoDCtgeFKk7YrLy not found"}
{"timestamp": "2025-05-03T22:14:46.934688", "action": "buy", "token_address": "2QK9okryu3pZmHTFNMyhPeEy9XdQQ1fnX3BePq54vibz", "symbol": "113", "price": 2.7958993477181285e-08, "amount": 35766.666665455945, "tx_hash": "4tc4Pwz7sCAnGZaa4XXTC9ittZtvof1HMpHBFPKWYfseLAHSXvZdCY1i3xVpyZ6wTSUSdTbpMdacjC45vn3WqCPh"}
{"timestamp": "2025-05-03T22:15:33.959344", "action": "sell_trigger", "token_address": "2QK9okryu3pZmHTFNMyhPeEy9XdQQ1fnX3BePq54vibz", "symbol": "113", "price": 0.0, "amount": 35766.666665455945, "tx_hash": null, "reason": "fixed_time"}
{"timestamp": "2025-05-03T22:15:59.119492", "action": "sell_failed", "token_address": "2QK9okryu3pZmHTFNMyhPeEy9XdQQ1fnX3BePq54vibz", "symbol": "113", "price": 0.0, "amount": 35766.666665455945, "tx_hash": null, "reason": "Account FwUHRTWRL74Xqm1QbTvkeuUveKG3NDGnM5H7gWRnmXu1 not found"}
{"timestamp": "2025-05-04T08:58:13.462088", "action": "buy", "token_address": "GGDkh6wGeFCgU3snB21TojcFR1wppGbteTnjV6ABsn2R", "symbol": "Dickbutt", "price": 2.8282927516897332e-08, "amount": 35357.0188023344, "tx_hash": "3ywHgKUorFSNcLF58fanKXWjuihAiYPgWZ4uK9yDEGM734YzFkaU3iDdHoguNeDMwoH5CP7sZQyvjiU91E1wzH25"}
{"timestamp": "2025-05-04T08:59:00.049951", "action": "sell_trigger", "token_address": "GGDkh6wGeFCgU3snB21TojcFR1wppGbteTnjV6ABsn2R", "symbol": "Dickbutt", "price": 0.0, "amount": 35357.0188023344, "tx_hash": null, "reason": "fixed_time"}
{"timestamp": "2025-05-04T08:59:05.371215", "action": "sell_failed", "token_address": "GGDkh6wGeFCgU3snB21TojcFR1wppGbteTnjV6ABsn2R", "symbol": "Dickbutt", "price": 0.0, "amount": 35357.0188023344, "tx_hash": null, "reason": "Account ALLTheoHECMip2zxmKS1gehhbNF7MXVaZsSf6XCwuiui not found"}
